    OpenRGB v0.9+ (1.0rc2)
    Commit: 0fca93e4544f943d4d7ec8073dba4e47c18ef54b from 2025-09-14 14:31:57 -0500
    Launched: 20260204_132439
====================================================================================================

54    |Info:    [ResourceManager] Initializing HID interfaces: Success
54    |Info:    ------------------------------------------------------
54    |Info:    |               Start device detection               |
54    |Info:    ------------------------------------------------------
64    |Info:    ------------------------------------------------------
64    |Info:    |             Detecting I2C interfaces               |
64    |Info:    ------------------------------------------------------
65    |Info:    [ResourceManager] Registering I2C interface: /dev/i2c-3 Device 1002:7480 Subsystem: 1EAE:7601
65    |Info:    [ResourceManager] Registering I2C interface: /dev/i2c-1 Device 1022:790B Subsystem: 1022:790B
65    |Warning: [i2c_smbus_linux] Failed to read i2c device PCI device ID
65    |Info:    [ResourceManager] Registering I2C interface: /dev/i2c-8 Device 0000:0000 Subsystem: 0000:0000
65    |Info:    [ResourceManager] Registering I2C interface: /dev/i2c-6 Device 1002:7480 Subsystem: 1EAE:7601
65    |Info:    [ResourceManager] Registering I2C interface: /dev/i2c-4 Device 1002:7480 Subsystem: 1EAE:7601
65    |Info:    [ResourceManager] Registering I2C interface: /dev/i2c-2 Device 1022:790B Subsystem: 1022:790B
65    |Info:    [ResourceManager] Registering I2C interface: /dev/i2c-0 Device 1022:790B Subsystem: 1022:790B
65    |Warning: [i2c_smbus_linux] Failed to read i2c device PCI device ID
65    |Info:    [ResourceManager] Registering I2C interface: /dev/i2c-9 Device 0000:0000 Subsystem: 0000:0000
65    |Warning: [i2c_smbus_linux] Failed to read i2c device PCI device ID
65    |Info:    [ResourceManager] Registering I2C interface: /dev/i2c-7 Device 0000:0000 Subsystem: 0000:0000
65    |Info:    [ResourceManager] Registering I2C interface: /dev/i2c-5 Device 1002:7480 Subsystem: 1EAE:7601
65    |Info:    ------------------------------------------------------
65    |Info:    |               Detecting I2C devices                |
65    |Info:    ------------------------------------------------------
1161  |Info:    [ENE DRAM] Registering RGB controller
1347  |Info:    [ENE DRAM] Registering RGB controller
1427  |Info:    ------------------------------------------------------
1427  |Info:    |            Detecting I2C DIMM modules              |
1427  |Info:    ------------------------------------------------------
1532  |Info:    [ResourceManager] Detected occupied slot 1, bus 6, type DDR5
1553  |Info:    [ResourceManager] Detected occupied slot 3, bus 6, type DDR5
1586  |Info:    ------------------------------------------------------
1586  |Info:    |               Detecting I2C PCI devices            |
1586  |Info:    ------------------------------------------------------
1587  |Info:    ------------------------------------------------------
1587  |Info:    |               Detecting HID devices                |
1587  |Info:    ------------------------------------------------------
1589  |Info:    [AMD Wraith Prism] Registering RGB controller
1589  |Info:    ------------------------------------------------------
1589  |Info:    |            Detecting libusb HID devices            |
1589  |Info:    ------------------------------------------------------
1654  |Info:    ------------------------------------------------------
1654  |Info:    |              Detecting other devices               |
1654  |Info:    ------------------------------------------------------
1673  |Info:    [ResourceManager] Calling Post-detection callbacks
1673  |Info:    ------------------------------------------------------
1673  |Info:    |                Detection completed                 |
1673  |Info:    ------------------------------------------------------
1673  |Dialog:  <h2>WARNING:</h2><p>The OpenRGB udev rules are not installed.</p><p>Most devices will not be available unless running OpenRGB as root.</p><p>If using AppImage, Flatpak, or self-compiled versions of OpenRGB you must install the udev rules manually</p><p>See <a href='https://openrgb.org/udev'>https://openrgb.org/udev</a> to install the udev rules manually</p>
5809  |Info:    [ProfileManager] Profile loading: FAILED! for ENE DRAM @ I2C: /dev/i2c-0, address 0x70
5809  |Info:    [ProfileManager] Profile loading: FAILED! for ENE DRAM @ I2C: /dev/i2c-0, address 0x72
5809  |Info:    [ProfileManager] Profile loading: FAILED! for AMD Wraith Prism @ HID: /dev/hidraw6
21434 |Info:    [ProfileManager] Found file: White.orp attempting to validate header
21435 |Info:    [ProfileManager] Valid v5 profile found for White
23242 |Info:    [ProfileManager] Profile loading: Succeeded for ENE DRAM @ I2C: /dev/i2c-0, address 0x70
23242 |Info:    [ProfileManager] Profile loading: Succeeded for ENE DRAM @ I2C: /dev/i2c-0, address 0x72
23242 |Info:    [ProfileManager] Profile loading: Succeeded for AMD Wraith Prism @ HID: /dev/hidraw6
34482 |Info:    [ProfileManager] Found file: White.orp attempting to validate header
34482 |Info:    [ProfileManager] Valid v5 profile found for White
35282 |Info:    [ProfileManager] Found file: White.orp attempting to validate header
35282 |Info:    [ProfileManager] Valid v5 profile found for White
35626 |Info:    [ProfileManager] Found file: White.orp attempting to validate header
35626 |Info:    [ProfileManager] Valid v5 profile found for White
35922 |Info:    [ProfileManager] Found file: White.orp attempting to validate header
35922 |Info:    [ProfileManager] Valid v5 profile found for White
36250 |Info:    [ProfileManager] Found file: White.orp attempting to validate header
36250 |Info:    [ProfileManager] Valid v5 profile found for White
36538 |Info:    [ProfileManager] Found file: White.orp attempting to validate header
36538 |Info:    [ProfileManager] Valid v5 profile found for White
37074 |Info:    [ProfileManager] Found file: White.orp attempting to validate header
37074 |Info:    [ProfileManager] Valid v5 profile found for White
38242 |Info:    [ProfileManager] Profile loading: Succeeded for ENE DRAM @ I2C: /dev/i2c-0, address 0x70
38242 |Info:    [ProfileManager] Profile loading: Succeeded for ENE DRAM @ I2C: /dev/i2c-0, address 0x72
38242 |Info:    [ProfileManager] Profile loading: Succeeded for AMD Wraith Prism @ HID: /dev/hidraw6
