    OpenRGB v0.9+ (1.0rc2)
    Commit: 0fca93e4544f943d4d7ec8073dba4e47c18ef54b from 2025-09-14 14:31:57 -0500
    Launched: 20260204_132418
====================================================================================================

56    |Info:    [ResourceManager] Saving detector settings
57    |Info:    [ResourceManager] Initializing HID interfaces: Success
57    |Info:    ------------------------------------------------------
57    |Info:    |               Start device detection               |
57    |Info:    ------------------------------------------------------
67    |Info:    ------------------------------------------------------
67    |Info:    |             Detecting I2C interfaces               |
67    |Info:    ------------------------------------------------------
67    |Info:    [ResourceManager] Registering I2C interface: /dev/i2c-3 Device 1002:7480 Subsystem: 1EAE:7601
67    |Info:    [ResourceManager] Registering I2C interface: /dev/i2c-1 Device 1022:790B Subsystem: 1022:790B
67    |Warning: [i2c_smbus_linux] Failed to read i2c device PCI device ID
67    |Info:    [ResourceManager] Registering I2C interface: /dev/i2c-8 Device 0000:0000 Subsystem: 0000:0000
67    |Info:    [ResourceManager] Registering I2C interface: /dev/i2c-6 Device 1002:7480 Subsystem: 1EAE:7601
67    |Info:    [ResourceManager] Registering I2C interface: /dev/i2c-4 Device 1002:7480 Subsystem: 1EAE:7601
67    |Info:    [ResourceManager] Registering I2C interface: /dev/i2c-2 Device 1022:790B Subsystem: 1022:790B
67    |Info:    [ResourceManager] Registering I2C interface: /dev/i2c-0 Device 1022:790B Subsystem: 1022:790B
67    |Warning: [i2c_smbus_linux] Failed to read i2c device PCI device ID
68    |Info:    [ResourceManager] Registering I2C interface: /dev/i2c-9 Device 0000:0000 Subsystem: 0000:0000
68    |Warning: [i2c_smbus_linux] Failed to read i2c device PCI device ID
68    |Info:    [ResourceManager] Registering I2C interface: /dev/i2c-7 Device 0000:0000 Subsystem: 0000:0000
68    |Info:    [ResourceManager] Registering I2C interface: /dev/i2c-5 Device 1002:7480 Subsystem: 1EAE:7601
68    |Info:    ------------------------------------------------------
68    |Info:    |               Detecting I2C devices                |
68    |Info:    ------------------------------------------------------
1167  |Info:    [ENE DRAM] Registering RGB controller
1361  |Info:    [ENE DRAM] Registering RGB controller
1438  |Info:    ------------------------------------------------------
1438  |Info:    |            Detecting I2C DIMM modules              |
1438  |Info:    ------------------------------------------------------
1541  |Info:    [ResourceManager] Detected occupied slot 1, bus 6, type DDR5
1564  |Info:    [ResourceManager] Detected occupied slot 3, bus 6, type DDR5
1597  |Info:    ------------------------------------------------------
1597  |Info:    |               Detecting I2C PCI devices            |
1597  |Info:    ------------------------------------------------------
1598  |Info:    ------------------------------------------------------
1598  |Info:    |               Detecting HID devices                |
1598  |Info:    ------------------------------------------------------
1599  |Info:    [AMD Wraith Prism] Registering RGB controller
1599  |Info:    ------------------------------------------------------
1599  |Info:    |            Detecting libusb HID devices            |
1599  |Info:    ------------------------------------------------------
1662  |Info:    ------------------------------------------------------
1662  |Info:    |              Detecting other devices               |
1662  |Info:    ------------------------------------------------------
1680  |Info:    [ResourceManager] Calling Post-detection callbacks
1680  |Info:    ------------------------------------------------------
1680  |Info:    |                Detection completed                 |
1680  |Info:    ------------------------------------------------------
1680  |Dialog:  <h2>WARNING:</h2><p>The OpenRGB udev rules are not installed.</p><p>Most devices will not be available unless running OpenRGB as root.</p><p>If using AppImage, Flatpak, or self-compiled versions of OpenRGB you must install the udev rules manually</p><p>See <a href='https://openrgb.org/udev'>https://openrgb.org/udev</a> to install the udev rules manually</p>
